[2015-03-14 14:50:54] START
[2015-03-14 20:23:11] EDIT GameBoards/models/db.py: 6
[2015-03-14 20:23:40] EDIT GameBoards/models/db.py: 1
[2015-03-14 21:06:39] CREATE tables.py: 0
[2015-03-14 21:07:15] DELETE GameBoards/controllers/tables.py: -1
[2015-03-14 21:07:33] CREATE tables.py: 0
[2015-03-14 21:10:00] EDIT GameBoards/models/tables.py: 41
[2015-03-14 21:15:25] EDIT GameBoards/models/tables.py: 4
[2015-03-14 21:20:33] EDIT GameBoards/models/tables.py: 17
[2015-03-14 21:29:19] EDIT GameBoards/models/tables.py: 0
[2015-03-14 21:31:05] EDIT GameBoards/models/tables.py: 0
[2015-03-14 21:34:21] EDIT GameBoards/models/tables.py: 0
[2015-03-14 21:34:34] EDIT GameBoards/models/tables.py: 6
[2015-03-14 21:35:01] EDIT GameBoards/models/tables.py: -5
[2015-03-14 21:35:27] EDIT GameBoards/models/db.py: 1
[2015-03-14 21:35:33] EDIT GameBoards/models/db.py: 0
[2015-03-14 21:36:34] EDIT GameBoards/models/tables.py: 0
[2015-03-14 21:37:41] EDIT GameBoards/models/db.py: 61
[2015-03-14 21:39:32] EDIT GameBoards/models/db.py: -61
[2015-03-14 21:40:40] EDIT GameBoards/models/db.py: 0
[2015-03-14 21:41:11] EDIT GameBoards/models/db.py: -1
[2015-03-14 21:41:51] EDIT GameBoards/models/db.py: 61
[2015-03-14 21:42:23] EDIT GameBoards/models/db.py: 1
[2015-03-14 21:43:04] DELETE GameBoards/models/tables.py: -63
[2015-03-14 21:45:39] EDIT GameBoards/models/db.py: 0
[2015-03-14 21:45:56] EDIT GameBoards/models/db.py: 0
[2015-03-14 21:49:08] EDIT GameBoards/models/db.py: -12
[2015-03-14 21:49:40] EDIT GameBoards/models/db.py: -5
[2015-03-14 21:50:04] EDIT GameBoards/models/db.py: 17
[2015-03-14 21:50:58] EDIT GameBoards/models/db.py: 0
[2015-03-14 21:53:22] EDIT GameBoards/models/db.py: 0
[2015-03-14 22:00:38] EDIT GameBoards/models/db.py: -3
[2015-03-14 22:02:17] EDIT GameBoards/models/db.py: 0
[2015-03-14 22:03:25] EDIT GameBoards/models/db.py: 1
[2015-03-14 22:04:05] EDIT GameBoards/models/db.py: 0
[2015-03-14 22:11:04] EDIT GameBoards/models/db.py: 1
[2015-03-14 22:11:33] EDIT GameBoards/models/db.py: 0
[2015-03-14 22:11:47] EDIT GameBoards/models/db.py: -1
[2015-03-14 22:11:56] EDIT GameBoards/models/db.py: 1
[2015-03-14 22:13:02] EDIT GameBoards/models/db.py: 1
[2015-03-14 22:18:40] EDIT GameBoards/models/db.py: 3
[2015-03-14 22:19:01] EDIT GameBoards/models/db.py: 1
[2015-03-14 22:20:38] EDIT GameBoards/models/db.py: 0
[2015-03-14 22:20:52] EDIT GameBoards/models/db.py: 0
[2015-03-14 22:21:49] EDIT GameBoards/models/db.py: 0
[2015-03-14 22:26:09] EDIT GameBoards/models/db.py: 0
[2015-03-14 22:34:44] CREATE front_page.py: 0
[2015-03-14 22:35:20] EDIT GameBoards/controllers/front_page.py: 8
[2015-03-14 22:35:45] CREATE front_page/index.html: 0
[2015-03-14 22:36:01] EDIT GameBoards/views/front_page/index.html: 6
[2015-03-14 22:47:35] EDIT GameBoards/views/default/index.html: -24
[2015-03-14 22:54:27] CREATE game_list.py: 0
[2015-03-14 22:54:53] EDIT GameBoards/controllers/game_list.py: 23
[2015-03-14 22:55:09] CREATE game_list/index.html: 0
[2015-03-14 22:55:20] CREATE game_list/view.html: 0
[2015-03-14 22:55:49] EDIT GameBoards/views/game_list/index.html: 3
[2015-03-14 22:56:20] EDIT GameBoards/views/game_list/view.html: 2
[2015-03-14 22:56:30] EDIT GameBoards/views/game_list/index.html: 0
[2015-03-14 23:02:47] CREATE groups.py: 0
[2015-03-14 23:03:08] EDIT GameBoards/controllers/groups.py: 43
[2015-03-14 23:06:15] EDIT GameBoards/controllers/groups.py: 1
[2015-03-14 23:07:02] EDIT GameBoards/controllers/groups.py: 1
[2015-03-14 23:07:37] EDIT GameBoards/controllers/groups.py: -1
[2015-03-14 23:14:54] CREATE groups/view.html: 0
[2015-03-14 23:15:04] CREATE groups/add.html: 0
[2015-03-14 23:15:21] CREATE groups/index.html: 0
[2015-03-14 23:15:55] EDIT GameBoards/models/db.py: 0
[2015-03-14 23:16:13] EDIT GameBoards/models/db.py: 0
[2015-03-14 23:17:59] EDIT GameBoards/models/db.py: 1
[2015-03-14 23:18:25] EDIT GameBoards/models/db.py: 0
[2015-03-14 23:19:54] EDIT GameBoards/models/db.py: -1
[2015-03-14 23:19:57] EDIT GameBoards/models/db.py: 1
[2015-03-14 23:22:45] EDIT GameBoards/models/db.py: 0
[2015-03-14 23:23:26] EDIT GameBoards/models/db.py: -1
[2015-03-14 23:24:11] EDIT GameBoards/models/db.py: 0
[2015-03-14 23:24:22] EDIT GameBoards/models/db.py: 1
[2015-03-14 23:32:01] EDIT GameBoards/views/groups/index.html: 6
[2015-03-14 23:32:29] EDIT GameBoards/views/groups/view.html: 3
[2015-03-15 00:21:19] EDIT GameBoards/controllers/groups.py: 0
[2015-03-16 16:23:15] EDIT GameBoards/views/groups/add.html: 2
[2015-03-16 17:22:18] EDIT GameBoards/models/db.py: 0
[2015-03-16 17:32:34] EDIT GameBoards/controllers/groups.py: 4
[2015-03-16 17:32:47] EDIT GameBoards/controllers/groups.py: 0
[2015-03-16 17:33:40] EDIT GameBoards/controllers/groups.py: 0
[2015-03-16 17:51:05] EDIT GameBoards/controllers/groups.py: 2
[2015-03-16 17:51:14] EDIT GameBoards/controllers/groups.py: 0
[2015-03-16 17:57:37] EDIT GameBoards/controllers/groups.py: 4
[2015-03-16 17:57:46] EDIT GameBoards/controllers/groups.py: 0
[2015-03-16 17:57:51] EDIT GameBoards/controllers/groups.py: 0
[2015-03-16 17:59:56] EDIT GameBoards/controllers/groups.py: 1
[2015-03-16 18:01:15] EDIT GameBoards/controllers/groups.py: -2
[2015-03-16 18:01:23] EDIT GameBoards/controllers/groups.py: 0
[2015-03-16 18:02:09] EDIT GameBoards/controllers/groups.py: 0
[2015-03-16 18:02:39] EDIT GameBoards/views/groups/add.html: 1
[2015-03-16 18:08:13] EDIT GameBoards/controllers/groups.py: 0
[2015-03-16 18:23:32] EDIT GameBoards/controllers/groups.py: 1
[2015-03-16 18:24:46] EDIT GameBoards/controllers/groups.py: 1
[2015-03-16 18:26:54] EDIT GameBoards/controllers/groups.py: 0
[2015-03-16 18:31:01] EDIT GameBoards/controllers/groups.py: 0
[2015-03-16 18:31:08] EDIT GameBoards/controllers/groups.py: 0
[2015-03-16 18:31:28] EDIT GameBoards/controllers/groups.py: 0
[2015-03-16 18:31:56] EDIT GameBoards/controllers/groups.py: 0
[2015-03-16 18:32:44] EDIT GameBoards/views/groups/add.html: -1
[2015-03-16 19:23:34] EDIT GameBoards/controllers/groups.py: 1
[2015-03-16 19:23:46] EDIT GameBoards/controllers/groups.py: 0
[2015-03-16 19:27:26] EDIT GameBoards/controllers/groups.py: 0
[2015-03-16 19:28:19] EDIT GameBoards/controllers/groups.py: 1
[2015-03-16 19:30:40] EDIT GameBoards/controllers/groups.py: 0
[2015-03-16 19:31:51] EDIT GameBoards/controllers/groups.py: 0
[2015-03-16 19:32:14] EDIT GameBoards/views/groups/view.html: 0
[2015-03-16 19:33:10] EDIT GameBoards/views/groups/view.html: -1
[2015-03-16 19:33:35] EDIT GameBoards/views/groups/view.html: 0
[2015-03-16 19:35:10] CREATE users.py: 0
[2015-03-16 19:38:53] EDIT GameBoards/controllers/users.py: 17
[2015-03-16 19:40:15] EDIT GameBoards/controllers/users.py: 0
[2015-03-16 19:40:45] EDIT GameBoards/controllers/users.py: 0
[2015-03-16 19:41:25] EDIT GameBoards/controllers/groups.py: 0
[2015-03-16 19:43:10] EDIT GameBoards/controllers/users.py: 0
[2015-03-16 19:52:21] EDIT GameBoards/controllers/users.py: 2
[2015-03-16 19:56:32] EDIT GameBoards/controllers/default.py: 2
[2015-03-16 19:56:57] EDIT GameBoards/controllers/default.py: 0
[2015-03-16 20:13:15] EDIT GameBoards/controllers/users.py: 1
[2015-03-16 20:49:16] EDIT GameBoards/controllers/default.py: 0
[2015-03-16 21:11:15] EDIT GameBoards/controllers/default.py: 6
[2015-03-16 21:20:40] EDIT GameBoards/controllers/default.py: 0
[2015-03-16 21:20:50] EDIT GameBoards/controllers/default.py: 0
[2015-03-16 21:21:12] EDIT GameBoards/controllers/default.py: 0
[2015-03-16 21:21:14] EDIT GameBoards/controllers/default.py: 0
[2015-03-16 21:21:37] EDIT GameBoards/controllers/default.py: 0
[2015-03-16 21:26:43] EDIT GameBoards/controllers/default.py: 0
[2015-03-16 21:47:47] EDIT GameBoards/controllers/default.py: 5
[2015-03-16 21:48:43] EDIT GameBoards/controllers/default.py: 0
[2015-03-16 21:49:16] CREATE default/myprofile.html: 0
[2015-03-16 21:50:12] EDIT GameBoards/views/default/myprofile.html: 1
[2015-03-16 21:51:28] EDIT GameBoards/controllers/default.py: 0
[2015-03-16 21:52:02] EDIT GameBoards/controllers/default.py: 0
[2015-03-16 21:54:16] CREATE default/user/profile.html: 0
[2015-03-16 21:54:28] EDIT GameBoards/views/default/user/profile.html: 1
[2015-03-16 21:57:13] EDIT GameBoards/views/default/user/profile.html: 0
[2015-03-16 21:57:31] DELETE GameBoards/views/default/user/profile.html: -4
[2015-03-16 21:58:52] EDIT GameBoards/controllers/users.py: 9
[2015-03-16 21:59:15] CREATE users/index.html: 0
[2015-03-16 21:59:33] CREATE users/user.html: 0
[2015-03-16 21:59:45] CREATE users/profile.html: 0
[2015-03-16 21:59:56] EDIT GameBoards/views/users/profile.html: 1
[2015-03-16 22:00:47] EDIT GameBoards/controllers/default.py: 1
[2015-03-16 22:00:55] EDIT GameBoards/controllers/default.py: 0
[2015-03-16 22:02:34] EDIT GameBoards/controllers/default.py: 0
[2015-03-16 22:03:22] EDIT GameBoards/controllers/users.py: 0
[2015-03-16 22:06:50] EDIT GameBoards/controllers/users.py: 1
[2015-03-16 22:07:28] EDIT GameBoards/controllers/users.py: 2
[2015-03-16 22:07:39] EDIT GameBoards/controllers/users.py: 0
[2015-03-16 22:08:07] EDIT GameBoards/controllers/users.py: 0
[2015-03-16 22:08:27] EDIT GameBoards/controllers/users.py: 0
[2015-03-16 22:10:02] EDIT GameBoards/views/users/profile.html: -1
[2015-03-16 22:10:10] EDIT GameBoards/controllers/users.py: -3
[2015-03-16 22:10:30] EDIT GameBoards/controllers/users.py: 0
[2015-03-16 22:11:39] EDIT GameBoards/controllers/users.py: 3
[2015-03-16 22:12:31] EDIT GameBoards/controllers/users.py: 0
[2015-03-16 22:12:51] EDIT GameBoards/controllers/users.py: 0
[2015-03-16 22:13:22] EDIT GameBoards/controllers/users.py: 0
[2015-03-16 22:14:17] EDIT GameBoards/controllers/users.py: 2
[2015-03-16 22:15:26] EDIT GameBoards/views/users/profile.html: 1
[2015-03-16 22:15:38] EDIT GameBoards/views/users/profile.html: 0
[2015-03-16 22:16:11] EDIT GameBoards/views/users/profile.html: 1
[2015-03-16 22:16:54] EDIT GameBoards/controllers/users.py: 0
[2015-03-16 22:17:28] EDIT GameBoards/controllers/users.py: 0
[2015-03-16 22:17:48] EDIT GameBoards/controllers/users.py: 0
[2015-03-16 22:18:25] EDIT GameBoards/controllers/users.py: 1
[2015-03-16 22:19:18] EDIT GameBoards/controllers/users.py: 0
[2015-03-16 22:45:46] EDIT GameBoards/controllers/users.py: 1
[2015-03-16 22:46:13] EDIT GameBoards/controllers/users.py: 0
[2015-03-16 22:46:25] EDIT GameBoards/controllers/users.py: 0
[2015-03-16 22:51:08] EDIT GameBoards/controllers/users.py: 1
[2015-03-16 22:51:32] EDIT GameBoards/controllers/users.py: 0
[2015-03-16 22:51:52] EDIT GameBoards/controllers/users.py: 0
[2015-03-16 22:53:43] EDIT GameBoards/controllers/users.py: 0
[2015-03-16 22:53:58] EDIT GameBoards/controllers/users.py: 0
[2015-03-16 23:00:06] EDIT GameBoards/controllers/users.py: 0
[2015-03-16 23:00:18] EDIT GameBoards/controllers/users.py: 0
[2015-03-16 23:03:13] EDIT GameBoards/views/users/user.html: 5
[2015-03-16 23:03:53] EDIT GameBoards/views/users/user.html: 0
[2015-03-16 23:04:24] EDIT GameBoards/views/users/user.html: 1
[2015-03-16 23:04:37] EDIT GameBoards/views/users/user.html: 0
[2015-03-16 23:06:12] EDIT GameBoards/views/users/user.html: -2
[2015-03-16 23:07:32] EDIT GameBoards/views/users/user.html: 0
[2015-03-16 23:16:48] EDIT GameBoards/views/users/user.html: 0
[2015-03-16 23:18:25] EDIT GameBoards/views/users/user.html: 1
[2015-03-16 23:35:14] CREATE messages.html: 0
[2015-03-16 23:35:22] DELETE GameBoards/views/messages.html: -3
[2015-03-16 23:35:32] CREATE messages.py: 0
[2015-03-16 23:42:05] EDIT GameBoards/models/db.py: 0
[2015-03-16 23:43:43] EDIT GameBoards/controllers/messages.py: 1
[2015-03-16 23:44:31] EDIT GameBoards/controllers/messages.py: 1
[2015-03-16 23:45:02] EDIT GameBoards/controllers/messages.py: 0
[2015-03-16 23:49:34] EDIT GameBoards/controllers/messages.py: 1
[2015-03-16 23:56:00] EDIT GameBoards/controllers/messages.py: 22
[2015-03-16 23:56:12] EDIT GameBoards/controllers/messages.py: 0
[2015-03-16 23:57:27] EDIT GameBoards/controllers/messages.py: -2
[2015-03-16 23:59:48] EDIT GameBoards/controllers/messages.py: 3
[2015-03-17 00:04:36] EDIT GameBoards/controllers/messages.py: 9
[2015-03-17 00:04:41] EDIT GameBoards/controllers/messages.py: 0
[2015-03-17 00:08:22] EDIT GameBoards/controllers/messages.py: 1
[2015-03-17 00:08:56] EDIT GameBoards/controllers/messages.py: 0
[2015-03-17 00:09:02] EDIT GameBoards/controllers/messages.py: 0
[2015-03-17 00:16:29] EDIT GameBoards/controllers/users.py: 8
[2015-03-17 00:17:52] EDIT GameBoards/views/users/user.html: 0
[2015-03-17 00:18:55] EDIT GameBoards/controllers/users.py: 3
[2015-03-17 00:20:45] EDIT GameBoards/controllers/users.py: 6
[2015-03-17 00:26:02] CREATE messages/index.html: 0
[2015-03-17 00:26:14] CREATE messages/view.html: 0
[2015-03-17 00:26:48] EDIT GameBoards/views/messages/index.html: 3
[2015-03-17 00:26:57] EDIT GameBoards/views/messages/index.html: 0
[2015-03-17 00:41:40] EDIT GameBoards/views/messages/view.html: 16
[2015-03-17 00:42:12] EDIT GameBoards/views/messages/view.html: 0
[2015-03-17 00:42:59] EDIT GameBoards/controllers/users.py: 1
[2015-03-17 00:43:07] EDIT GameBoards/controllers/users.py: 0
[2015-03-17 00:45:15] EDIT GameBoards/controllers/users.py: 6
[2015-03-17 00:45:31] EDIT GameBoards/controllers/users.py: 0
[2015-03-17 00:45:57] EDIT GameBoards/controllers/users.py: 0
[2015-03-17 00:47:17] EDIT GameBoards/controllers/users.py: 0
[2015-03-17 00:47:58] EDIT GameBoards/controllers/users.py: 0
[2015-03-17 00:48:19] EDIT GameBoards/controllers/users.py: 0
[2015-03-17 00:50:43] EDIT GameBoards/controllers/users.py: 1
[2015-03-17 00:52:09] EDIT GameBoards/controllers/users.py: 0
[2015-03-17 00:52:41] EDIT GameBoards/controllers/users.py: 0
[2015-03-17 00:53:45] EDIT GameBoards/controllers/users.py: 0
[2015-03-17 00:57:50] EDIT GameBoards/models/db.py: 0
[2015-03-17 00:58:10] EDIT GameBoards/models/db.py: 0
[2015-03-17 00:58:29] EDIT GameBoards/models/db.py: 0
[2015-03-17 01:15:16] EDIT GameBoards/controllers/users.py: 0
[2015-03-17 01:15:29] EDIT GameBoards/controllers/users.py: 0
[2015-03-17 01:33:29] CREATE posts.py: 0
[2015-03-17 01:42:15] EDIT GameBoards/controllers/messages.py: 0
[2015-03-17 01:49:01] EDIT GameBoards/controllers/posts.py: 41
[2015-03-17 01:50:38] EDIT GameBoards/controllers/posts.py: 0
[2015-03-17 01:50:40] EDIT GameBoards/controllers/posts.py: 0
[2015-03-17 01:50:49] EDIT GameBoards/controllers/posts.py: 0
[2015-03-17 01:50:50] EDIT GameBoards/controllers/posts.py: 0
[2015-03-17 01:50:51] EDIT GameBoards/controllers/posts.py: 0
[2015-03-17 01:51:50] EDIT GameBoards/controllers/posts.py: 3
[2015-03-17 01:51:52] EDIT GameBoards/controllers/posts.py: 0
[2015-03-17 01:52:02] EDIT GameBoards/controllers/posts.py: 0
[2015-03-17 01:54:28] EDIT GameBoards/controllers/posts.py: 32
[2015-03-17 01:54:38] EDIT GameBoards/controllers/posts.py: 0
[2015-03-17 02:01:44] EDIT GameBoards/controllers/posts.py: 0
[2015-03-17 02:03:18] EDIT GameBoards/controllers/posts.py: 0
[2015-03-17 02:04:52] EDIT GameBoards/controllers/posts.py: 0
[2015-03-17 02:08:28] EDIT GameBoards/controllers/posts.py: 0
[2015-03-17 02:09:06] EDIT GameBoards/controllers/groups.py: 0
[2015-03-17 02:11:14] EDIT GameBoards/controllers/posts.py: 0
[2015-03-17 02:13:16] EDIT GameBoards/models/db.py: 0
[2015-03-17 02:16:00] EDIT GameBoards/controllers/posts.py: 0
[2015-03-17 02:16:41] EDIT GameBoards/models/db.py: 0
[2015-03-17 02:20:29] EDIT GameBoards/controllers/posts.py: 0
[2015-03-17 02:20:49] EDIT GameBoards/controllers/posts.py: 1
[2015-03-17 02:21:21] EDIT GameBoards/controllers/posts.py: 1
[2015-03-17 02:23:14] EDIT GameBoards/controllers/posts.py: -1
[2015-03-17 02:23:52] CREATE posts/general.html: 0
[2015-03-17 02:24:04] CREATE posts/view.html: 0
[2015-03-17 02:28:25] EDIT GameBoards/views/front_page/index.html: 0
[2015-03-17 02:28:57] EDIT GameBoards/controllers/posts.py: 9
[2015-03-17 02:30:32] EDIT GameBoards/controllers/posts.py: 0
[2015-03-17 02:33:19] EDIT GameBoards/controllers/posts.py: 0
[2015-03-17 02:34:15] DELETE GameBoards/views/posts/general.html: -3
[2015-03-17 02:34:30] CREATE posts/index.html: 0
[2015-03-17 02:39:06] EDIT GameBoards/views/front_page/index.html: 0
[2015-03-17 02:39:59] EDIT GameBoards/controllers/posts.py: 0
[2015-03-17 02:41:12] EDIT GameBoards/controllers/posts.py: 0
[2015-03-17 02:41:24] EDIT GameBoards/views/posts/index.html: 6
[2015-03-17 02:41:46] EDIT GameBoards/views/front_page/index.html: 0
[2015-03-17 02:42:11] EDIT GameBoards/views/front_page/index.html: 0
[2015-03-17 02:42:46] EDIT GameBoards/controllers/posts.py: 0
[2015-03-17 02:43:07] EDIT GameBoards/controllers/posts.py: 0
[2015-03-17 02:43:24] EDIT GameBoards/controllers/posts.py: 0
[2015-03-17 02:43:33] EDIT GameBoards/controllers/posts.py: 0
[2015-03-17 02:44:51] EDIT GameBoards/controllers/posts.py: 1
[2015-03-17 02:45:07] EDIT GameBoards/controllers/posts.py: 0
[2015-03-17 02:49:22] EDIT GameBoards/controllers/posts.py: -1
[2015-03-17 02:49:56] EDIT GameBoards/controllers/users.py: 1
[2015-03-17 02:50:17] EDIT GameBoards/controllers/users.py: 0
[2015-03-17 02:51:22] EDIT GameBoards/controllers/users.py: 0
[2015-03-17 02:52:30] EDIT GameBoards/views/users/index.html: 3
[2015-03-17 02:53:55] EDIT GameBoards/controllers/groups.py: 0
[2015-03-17 02:55:41] EDIT GameBoards/controllers/game_list.py: 5
[2015-03-17 03:06:13] EDIT GameBoards/controllers/posts.py: 22
[2015-03-17 03:07:36] EDIT GameBoards/models/db.py: 0
[2015-03-17 03:08:31] EDIT GameBoards/models/db.py: 0
[2015-03-17 03:09:53] EDIT GameBoards/controllers/posts.py: 0
[2015-03-17 03:10:36] EDIT GameBoards/views/posts/index.html: 0
[2015-03-17 03:10:42] EDIT GameBoards/views/posts/index.html: 0
[2015-03-17 03:15:41] EDIT GameBoards/controllers/posts.py: 0
[2015-03-17 03:16:17] EDIT GameBoards/models/db.py: 0
[2015-03-17 03:17:30] EDIT GameBoards/models/db.py: -2
[2015-03-17 03:18:03] EDIT GameBoards/controllers/posts.py: 0
[2015-03-17 03:18:23] EDIT GameBoards/controllers/posts.py: 0
[2015-03-17 03:18:57] EDIT GameBoards/views/posts/index.html: 0
[2015-03-17 03:19:31] EDIT GameBoards/views/posts/index.html: 0
[2015-03-17 03:19:57] EDIT GameBoards/controllers/posts.py: 0
[2015-03-17 03:20:08] EDIT GameBoards/controllers/posts.py: 0
[2015-03-17 03:20:25] EDIT GameBoards/controllers/posts.py: 0
[2015-03-17 03:22:08] EDIT GameBoards/controllers/posts.py: 0
[2015-03-17 03:22:54] EDIT GameBoards/controllers/posts.py: 0
[2015-03-17 03:23:22] EDIT GameBoards/controllers/posts.py: 0
[2015-03-17 03:25:00] EDIT GameBoards/views/posts/view.html: 2
[2015-03-17 03:26:06] EDIT GameBoards/controllers/posts.py: 0
[2015-03-17 03:29:47] EDIT GameBoards/views/posts/view.html: 0
[2015-03-17 03:30:13] EDIT GameBoards/views/posts/view.html: 0
[2015-03-17 03:30:57] EDIT GameBoards/controllers/posts.py: 0
[2015-03-17 03:31:07] EDIT GameBoards/views/posts/view.html: 0
[2015-03-17 03:31:41] EDIT GameBoards/views/posts/view.html: 0
[2015-03-17 03:33:50] EDIT GameBoards/controllers/posts.py: 1
[2015-03-17 03:34:48] EDIT GameBoards/controllers/posts.py: 0
[2015-03-17 03:35:21] EDIT GameBoards/models/db.py: 0
[2015-03-17 03:36:41] EDIT GameBoards/controllers/posts.py: 0
[2015-03-17 03:41:02] EDIT GameBoards/models/db.py: 2
[2015-03-17 03:42:11] EDIT GameBoards/controllers/posts.py: 0
[2015-03-17 03:44:28] EDIT GameBoards/models/db.py: 0
[2015-03-17 03:44:54] EDIT GameBoards/models/db.py: 0
[2015-03-17 03:45:21] EDIT GameBoards/models/db.py: -2
[2015-03-17 03:46:06] EDIT GameBoards/controllers/posts.py: 0
[2015-03-17 03:46:27] EDIT GameBoards/controllers/posts.py: 0
[2015-03-17 03:46:44] EDIT GameBoards/controllers/posts.py: 0
[2015-03-17 03:48:20] EDIT GameBoards/controllers/posts.py: 0
[2015-03-17 03:50:11] EDIT GameBoards/controllers/posts.py: -5
[2015-03-17 03:53:08] EDIT GameBoards/controllers/posts.py: 0
[2015-03-17 03:53:24] EDIT GameBoards/controllers/posts.py: 0
[2015-03-17 03:56:14] EDIT GameBoards/controllers/posts.py: 1
[2015-03-17 03:56:22] EDIT GameBoards/controllers/posts.py: 0
[2015-03-17 03:56:29] EDIT GameBoards/controllers/posts.py: 0
[2015-03-17 03:57:09] EDIT GameBoards/controllers/posts.py: 0
[2015-03-17 03:57:39] EDIT GameBoards/models/db.py: 0
[2015-03-17 03:58:04] EDIT GameBoards/controllers/posts.py: 0
[2015-03-17 03:58:42] EDIT GameBoards/controllers/posts.py: 0
[2015-03-17 03:58:57] EDIT GameBoards/controllers/posts.py: 0
[2015-03-17 03:59:13] EDIT GameBoards/controllers/posts.py: 0
[2015-03-17 03:59:44] EDIT GameBoards/controllers/posts.py: 0
[2015-03-17 04:00:03] EDIT GameBoards/controllers/posts.py: 0
[2015-03-17 04:00:11] EDIT GameBoards/models/db.py: 0
[2015-03-17 04:00:14] EDIT GameBoards/controllers/posts.py: 0
[2015-03-17 04:02:03] EDIT GameBoards/models/db.py: 0
[2015-03-17 04:03:00] EDIT GameBoards/controllers/posts.py: 0
[2015-03-17 04:04:16] EDIT GameBoards/controllers/posts.py: 0
[2015-03-17 04:09:05] EDIT GameBoards/models/db.py: 1
[2015-03-17 04:09:12] EDIT GameBoards/controllers/game_list.py: 2
[2015-03-17 04:09:40] EDIT GameBoards/controllers/posts.py: 0
[2015-03-17 04:09:57] EDIT GameBoards/models/db.py: 0
[2015-03-17 04:10:25] EDIT GameBoards/models/db.py: 0
[2015-03-17 04:10:55] EDIT GameBoards/controllers/posts.py: 0
[2015-03-17 04:20:04] EDIT GameBoards/controllers/game_list.py: 1
[2015-03-17 04:24:22] CREATE game_list/add.html: 0
[2015-03-17 04:25:31] EDIT GameBoards/views/game_list/add.html: 2
[2015-03-17 04:26:01] EDIT GameBoards/controllers/game_list.py: 1
[2015-03-17 04:29:07] EDIT GameBoards/controllers/game_list.py: 1
[2015-03-17 04:34:22] EDIT GameBoards/controllers/game_list.py: 3
[2015-03-17 04:34:35] EDIT GameBoards/controllers/game_list.py: 0
[2015-03-17 04:34:54] EDIT GameBoards/controllers/game_list.py: 0
[2015-03-17 04:35:39] EDIT GameBoards/controllers/game_list.py: 0
[2015-03-17 04:38:47] EDIT GameBoards/models/db.py: 0
[2015-03-17 04:39:19] EDIT GameBoards/controllers/game_list.py: 1
[2015-03-17 04:55:49] EDIT GameBoards/controllers/game_list.py: 0
[2015-03-17 04:57:25] EDIT GameBoards/controllers/game_list.py: 0
[2015-03-17 04:59:32] EDIT GameBoards/controllers/game_list.py: 0
[2015-03-17 04:59:51] EDIT GameBoards/controllers/game_list.py: 0
[2015-03-17 05:03:01] EDIT GameBoards/models/db.py: 0
[2015-03-17 05:03:10] EDIT GameBoards/models/db.py: 0
[2015-03-17 05:05:35] EDIT GameBoards/models/db.py: 0
[2015-03-17 05:12:09] EDIT GameBoards/models/db.py: 1
[2015-03-17 05:13:16] EDIT GameBoards/models/db.py: 0
[2015-03-17 05:13:32] EDIT GameBoards/models/db.py: 0
[2015-03-17 05:17:35] EDIT GameBoards/models/db.py: 0
[2015-03-17 05:28:36] EDIT GameBoards/controllers/groups.py: 1
[2015-03-17 05:28:52] EDIT GameBoards/controllers/groups.py: 0
[2015-03-17 05:31:05] EDIT GameBoards/controllers/groups.py: 0
[2015-03-17 05:32:55] EDIT GameBoards/models/db.py: 0
[2015-03-17 05:42:34] EDIT old_project/models/db.py: -1
[2015-03-17 05:53:23] EDIT old_project/views/users/profile.html: 1
[2015-03-17 05:55:19] EDIT old_project/controllers/messages.py: 0
[2015-03-17 06:05:19] EDIT old_project/controllers/posts.py: 0
[2015-03-17 06:05:55] EDIT old_project/controllers/posts.py: 1
[2015-03-17 06:08:15] EDIT old_project/controllers/groups.py: 4
[2015-03-17 06:08:28] EDIT old_project/controllers/groups.py: 0
[2015-03-17 06:10:06] EDIT old_project/controllers/users.py: 1
[2015-03-17 06:10:44] EDIT old_project/controllers/users.py: 0
[2015-03-17 06:11:17] EDIT old_project/controllers/users.py: 1
[2015-03-17 06:12:23] EDIT old_project/controllers/messages.py: 0
[2015-03-17 06:13:49] EDIT old_project/controllers/messages.py: 0
[2015-03-17 06:23:31] EDIT old_project/views/messages/view.html: -6
[2015-03-17 06:24:31] EDIT old_project/views/messages/view.html: 0
[2015-03-17 06:29:43] EDIT old_project/controllers/messages.py: 1
[2015-03-17 06:29:59] EDIT old_project/views/messages/view.html: 1
[2015-03-17 06:30:17] EDIT old_project/views/messages/view.html: -2
[2015-03-17 06:35:14] EDIT old_project/controllers/messages.py: 0
[2015-03-17 06:35:51] EDIT old_project/controllers/messages.py: 0
[2015-03-17 06:36:01] EDIT old_project/views/messages/view.html: 0
[2015-03-17 06:36:16] EDIT old_project/views/messages/view.html: -1
[2015-03-17 06:36:34] EDIT old_project/controllers/messages.py: -1
[2015-03-17 06:36:58] EDIT old_project/views/messages/view.html: 0
[2015-03-17 06:37:44] EDIT old_project/views/messages/view.html: 1
[2015-03-17 06:39:52] EDIT old_project/controllers/users.py: 19
[2015-03-17 06:40:18] EDIT old_project/controllers/users.py: 0
[2015-03-17 06:42:17] EDIT old_project/views/users/user.html: 1
[2015-03-17 06:42:41] EDIT old_project/views/users/user.html: 0
[2015-03-17 07:46:15] EDIT old_project/controllers/messages.py: 6
[2015-03-17 07:47:48] EDIT old_project/controllers/messages.py: 0
[2015-03-17 07:48:10] EDIT old_project/controllers/messages.py: 0
[2015-03-17 07:48:47] EDIT old_project/views/messages/view.html: 1
[2015-03-17 07:49:25] EDIT old_project/views/messages/view.html: 2
[2015-03-17 07:53:47] EDIT old_project/controllers/messages.py: 2
[2015-03-17 08:00:47] EDIT old_project/controllers/messages.py: 1
[2015-03-17 08:06:29] EDIT old_project/views/users/user.html: 1
[2015-03-17 08:07:01] EDIT old_project/controllers/users.py: -2
[2015-03-17 08:07:23] EDIT old_project/controllers/users.py: 0
[2015-03-17 08:07:34] EDIT old_project/controllers/users.py: 0
[2015-03-17 08:08:25] EDIT old_project/controllers/users.py: 0
[2015-03-17 08:08:57] EDIT old_project/controllers/users.py: 1
[2015-03-17 08:09:16] EDIT old_project/views/users/user.html: 0
[2015-03-17 08:10:26] EDIT old_project/controllers/users.py: 0
[2015-03-17 08:12:43] EDIT old_project/views/users/user.html: 1
[2015-03-17 08:13:18] EDIT old_project/views/users/user.html: 0
[2015-03-17 08:15:49] EDIT old_project/views/users/user.html: 2
[2015-03-17 08:35:11] EDIT old_project/controllers/game_list.py: 1
[2015-03-17 08:38:26] EDIT old_project/controllers/game_list.py: 0
[2015-03-17 08:39:39] EDIT old_project/controllers/messages.py: 0
[2015-03-17 08:40:00] EDIT old_project/controllers/game_list.py: 0
[2015-03-17 08:41:25] EDIT old_project/controllers/game_list.py: 0
[2015-03-17 08:56:13] EDIT old_project/views/users/user.html: 2
[2015-03-17 08:57:03] EDIT old_project/views/users/user.html: -2
[2015-03-17 08:57:15] EDIT old_project/views/users/user.html: -1
[2015-03-17 08:57:33] EDIT old_project/views/users/user.html: 0
[2015-03-17 08:58:11] EDIT old_project/views/users/user.html: -1
[2015-03-17 08:58:34] EDIT old_project/views/users/user.html: 0
[2015-03-17 08:59:08] EDIT old_project/views/users/user.html: 0
[2015-03-17 08:59:47] EDIT old_project/views/users/user.html: 0
[2015-03-17 09:01:02] EDIT old_project/views/users/user.html: 0
[2015-03-17 09:06:01] EDIT old_project/views/users/user.html: -1
[2015-03-17 09:23:01] EDIT old_project/controllers/groups.py: 1
[2015-03-17 09:28:07] CREATE groups/join.html: 0
[2015-03-17 09:31:58] EDIT old_project/views/groups/join.html: 0
[2015-03-17 09:32:14] EDIT old_project/controllers/game_list.py: 0
[2015-03-17 09:32:30] EDIT old_project/controllers/groups.py: 2
[2015-03-17 09:34:50] EDIT old_project/controllers/groups.py: 6
[2015-03-17 09:35:22] EDIT old_project/controllers/groups.py: 0
[2015-03-17 09:35:47] EDIT old_project/controllers/groups.py: 0
[2015-03-17 09:39:18] EDIT old_project/models/db.py: 1
[2015-03-17 10:08:36] EDIT old_project/controllers/groups.py: 6
[2015-03-17 10:17:28] EDIT old_project/controllers/groups.py: 17
[2015-03-17 10:26:41] EDIT old_project/controllers/groups.py: 12
[2015-03-17 10:28:21] EDIT old_project/controllers/groups.py: 0
[2015-03-17 10:32:59] EDIT old_project/controllers/users.py: 0
[2015-03-17 10:33:22] EDIT old_project/views/users/profile.html: 5
[2015-03-17 10:40:20] EDIT old_project/views/users/user.html: 0
[2015-03-17 10:40:34] EDIT old_project/views/users/user.html: 0
[2015-03-17 10:42:02] EDIT old_project/views/users/profile.html: 0
[2015-03-17 10:43:23] EDIT old_project/controllers/users.py: 1
[2015-03-17 10:43:52] EDIT old_project/controllers/users.py: 0
[2015-03-17 10:44:03] EDIT old_project/controllers/users.py: 0
[2015-03-17 10:45:07] EDIT old_project/views/users/profile.html: 0
[2015-03-17 10:46:05] EDIT old_project/views/users/profile.html: 0
[2015-03-17 10:53:39] EDIT old_project/controllers/users.py: 0
[2015-03-17 10:57:48] EDIT old_project/controllers/groups.py: 0
[2015-03-17 12:16:06] EDIT old_project/controllers/groups.py: 2
[2015-03-17 12:17:37] EDIT old_project/controllers/groups.py: 3
[2015-03-17 12:18:27] EDIT old_project/controllers/groups.py: 2
[2015-03-17 12:18:40] EDIT old_project/controllers/groups.py: 0
[2015-03-17 12:19:13] EDIT old_project/controllers/groups.py: 0
[2015-03-17 12:19:34] EDIT old_project/controllers/groups.py: 0
[2015-03-17 12:19:51] EDIT old_project/controllers/groups.py: 0
[2015-03-17 12:21:41] EDIT old_project/controllers/groups.py: 4
[2015-03-17 12:24:02] EDIT old_project/controllers/groups.py: 0
[2015-03-17 12:24:35] EDIT old_project/controllers/groups.py: 0
[2015-03-17 12:32:40] EDIT old_project/views/default/index.html: -1
[2015-03-17 12:33:36] EDIT old_project/models/db.py: 0
[2015-03-17 12:33:51] EDIT old_project/models/db.py: 0
[2015-03-17 12:44:48] EDIT old_project/views/groups/view.html: 5
[2015-03-17 12:46:32] EDIT old_project/views/groups/view.html: 0
[2015-03-17 12:48:51] EDIT old_project/views/groups/view.html: -1
[2015-03-17 12:49:41] EDIT old_project/views/groups/view.html: 0
[2015-03-17 12:51:04] EDIT old_project/views/groups/view.html: -1
[2015-03-17 12:52:18] EDIT old_project/views/groups/view.html: 0
[2015-03-17 12:52:57] EDIT old_project/views/groups/view.html: 0
[2015-03-17 12:53:26] EDIT old_project/views/groups/view.html: 0
[2015-03-17 12:54:11] EDIT old_project/controllers/groups.py: 1
[2015-03-17 12:54:39] EDIT old_project/views/groups/view.html: 0
[2015-03-17 12:54:56] EDIT old_project/views/groups/view.html: -1
[2015-03-17 12:55:12] EDIT old_project/views/groups/view.html: 0
[2015-03-17 13:03:51] EDIT old_project/views/users/user.html: 0
[2015-03-17 13:04:26] EDIT old_project/views/users/user.html: 0
[2015-03-17 13:05:46] EDIT old_project/views/users/user.html: 0
[2015-03-17 13:07:35] EDIT old_project/views/users/user.html: 0
[2015-03-17 13:10:21] EDIT old_project/views/users/profile.html: 4
[2015-03-17 13:10:29] EDIT old_project/views/users/user.html: -1
[2015-03-17 13:11:41] EDIT old_project/views/users/profile.html: -5
[2015-03-17 13:12:21] EDIT old_project/views/users/user.html: 0
[2015-03-17 13:19:51] EDIT old_project/views/users/user.html: 0
[2015-03-17 13:20:37] EDIT old_project/views/game_list/index.html: 0
[2015-03-17 13:25:37] EDIT old_project/views/groups/index.html: 0
[2015-03-17 13:26:16] EDIT old_project/views/messages/index.html: 0
[2015-03-17 13:27:16] EDIT old_project/views/users/index.html: 0
[2015-03-17 13:27:36] EDIT old_project/views/posts/index.html: 0
[2015-03-17 13:27:51] EDIT old_project/views/users/profile.html: 0
[2015-03-17 13:28:36] EDIT old_project/controllers/messages.py: 0
[2015-03-17 13:31:26] EDIT old_project/controllers/messages.py: 17
[2015-03-17 13:41:44] EDIT old_project/controllers/users.py: 4
[2015-03-17 13:43:20] EDIT old_project/controllers/users.py: 3
[2015-03-17 13:43:28] EDIT old_project/controllers/users.py: 0
[2015-03-17 13:43:58] EDIT old_project/controllers/users.py: 1
[2015-03-17 14:13:22] EDIT GameBoards/controllers/default.py: 0
[2015-03-17 15:18:39] EDIT GameBoards/views/game_list/index.html: 0
[2015-03-17 15:19:13] EDIT GameBoards/views/game_list/index.html: 0
[2015-03-17 15:20:21] EDIT GameBoards/views/groups/index.html: 0
[2015-03-17 15:20:39] EDIT GameBoards/views/users/index.html: 0
[2015-03-17 15:20:56] EDIT GameBoards/views/messages/index.html: 0
[2015-03-17 15:22:43] EDIT GameBoards/controllers/game_list.py: 0
[2015-03-17 15:23:31] EDIT GameBoards/controllers/groups.py: 0
[2015-03-17 15:23:44] EDIT GameBoards/controllers/groups.py: 0
[2015-03-17 15:24:12] EDIT GameBoards/controllers/users.py: 0
[2015-03-17 15:24:24] EDIT GameBoards/controllers/users.py: 0
[2015-03-17 15:25:14] EDIT GameBoards/controllers/users.py: 0
[2015-03-17 15:26:13] EDIT GameBoards/views/users/profile.html: 0
[2015-03-17 15:30:51] EDIT GameBoards/views/game_list/add.html: 1
[2015-03-17 15:31:05] EDIT GameBoards/views/game_list/add.html: 0
[2015-03-17 15:32:26] CREATE groups/add_games.html: 0
[2015-03-17 15:32:44] EDIT GameBoards/views/groups/add_games.html: 2
[2015-03-17 15:33:07] EDIT GameBoards/views/groups/add_games.html: 0
[2015-03-17 15:34:33] CREATE posts/add.html: 0
[2015-03-17 15:35:41] EDIT GameBoards/views/posts/add.html: 2
[2015-03-17 15:36:15] EDIT GameBoards/views/groups/add_games.html: 0
[2015-03-17 15:37:09] EDIT GameBoards/views/posts/index.html: 0
[2015-03-17 15:40:55] CREATE users/add_friend.html: 0
[2015-03-17 15:41:09] EDIT GameBoards/views/users/add_friend.html: 2
[2015-03-17 15:42:32] EDIT GameBoards/views/default/index.html: 1
[2015-03-17 15:46:06] EDIT GameBoards/controllers/groups.py: 0
[2015-03-17 15:46:27] EDIT GameBoards/controllers/groups.py: 0
[2015-03-17 16:29:39] EDIT GameBoards/views/default/index.html: 0
[2015-03-17 16:30:42] EDIT GameBoards/views/default/index.html: 0
[2015-03-17 16:31:37] EDIT GameBoards/views/default/index.html: 0
[2015-03-17 16:33:23] EDIT GameBoards/views/plugin_layouts/layouts/Bounderies.html: -222
[2015-03-17 16:34:05] EDIT GameBoards/views/plugin_layouts/layouts/Bounderies.html: 0
[2015-03-17 16:37:37] EDIT GameBoards/views/appadmin.html: 0
[2015-03-17 16:37:49] EDIT GameBoards/views/default/myprofile.html: 0
[2015-03-17 16:38:04] EDIT GameBoards/views/default/user.html: 0
[2015-03-17 16:38:26] EDIT GameBoards/views/front_page/index.html: 0
[2015-03-17 16:39:54] EDIT GameBoards/views/layout.html: -222
[2015-03-17 16:42:06] EDIT GameBoards/views/default/index.html: 0
[2015-03-17 16:42:36] EDIT GameBoards/views/default/index.html: -2
[2015-03-17 16:44:44] EDIT GameBoards/views/default/index.html: 0
[2015-03-17 16:45:03] EDIT GameBoards/views/default/index.html: 0
