timestamp: 2015-03-17T13:57:53.142000
CREATE TABLE games(
    id INTEGER PRIMARY KEY AUTOINCREMENT,
    name CHAR(512),
    game_type CHAR(512),
    info TEXT
);
success!
timestamp: 2015-03-17T13:57:53.387000
CREATE TABLE gameboard(
    id INTEGER PRIMARY KEY AUTOINCREMENT,
    poster CHAR(512),
    subject CHAR(512),
    board_type CHAR(512),
    game INTEGER REFERENCES games (id) ON DELETE CASCADE,
    body TEXT
);
success!
timestamp: 2015-03-17T13:57:53.626000
CREATE TABLE auth_user(
    id INTEGER PRIMARY KEY AUTOINCREMENT,
    first_name CHAR(128),
    last_name CHAR(128),
    email CHAR(512),
    username CHAR(128),
    password CHAR(512),
    registration_key CHAR(512),
    reset_password_key CHAR(512),
    registration_id CHAR(512),
    friends TEXT,
    games TEXT,
    groups TEXT,
    info TEXT
);
success!
timestamp: 2015-03-17T13:57:53.792000
CREATE TABLE game_group(
    id INTEGER PRIMARY KEY AUTOINCREMENT,
    group_name CHAR(512),
    members TEXT,
    owner INTEGER REFERENCES auth_user (id) ON DELETE CASCADE,
    moderators TEXT,
    games TEXT,
    info TEXT
);
success!
timestamp: 2015-03-17T13:57:54.072000
CREATE TABLE messages(
    id INTEGER PRIMARY KEY AUTOINCREMENT,
    sender CHAR(512),
    reciever CHAR(512),
    subject CHAR(512),
    mess_type CHAR(512),
    body TEXT
);
success!
timestamp: 2015-03-17T13:57:54.499000
CREATE TABLE auth_group(
    id INTEGER PRIMARY KEY AUTOINCREMENT,
    role CHAR(512),
    description TEXT
);
success!
timestamp: 2015-03-17T13:57:54.653000
CREATE TABLE auth_membership(
    id INTEGER PRIMARY KEY AUTOINCREMENT,
    user_id INTEGER REFERENCES auth_user (id) ON DELETE CASCADE,
    group_id INTEGER REFERENCES auth_group (id) ON DELETE CASCADE
);
success!
timestamp: 2015-03-17T13:57:55.448000
CREATE TABLE auth_permission(
    id INTEGER PRIMARY KEY AUTOINCREMENT,
    group_id INTEGER REFERENCES auth_group (id) ON DELETE CASCADE,
    name CHAR(512),
    table_name CHAR(512),
    record_id INTEGER
);
success!
timestamp: 2015-03-17T13:57:55.635000
CREATE TABLE auth_event(
    id INTEGER PRIMARY KEY AUTOINCREMENT,
    time_stamp TIMESTAMP,
    client_ip CHAR(512),
    user_id INTEGER REFERENCES auth_user (id) ON DELETE CASCADE,
    origin CHAR(512),
    description TEXT
);
success!
timestamp: 2015-03-17T13:57:55.797000
CREATE TABLE auth_cas(
    id INTEGER PRIMARY KEY AUTOINCREMENT,
    user_id INTEGER REFERENCES auth_user (id) ON DELETE CASCADE,
    created_on TIMESTAMP,
    service CHAR(512),
    ticket CHAR(512),
    renew CHAR(1)
);
success!
